# JRE version: OpenJDK Runtime Environment (17.0.10) (build 17.0.10+0--11609105)
# Java VM: OpenJDK 64-Bit Server VM (17.0.10+0--11609105, mixed mode, tiered, compressed oops, compressed class ptrs, g1 gc, windows-amd64)
GC Precious Log:
 CPUs: 2 total, 2 available
 Memory: 7647M
 Large Page Support: Disabled
 NUMA Support: Disabled
 Compressed Oops: Enabled (32-bit)
 Heap Region Size: 1M
 Heap Min Capacity: 8M
 Heap Initial Capacity: 120M
 Heap Max Capacity: 1912M
 Pre-touch: Disabled
 Parallel Workers: 2
 Concurrent Workers: 1
 Concurrent Refinement Workers: 2
 Periodic GC: Disabled
Heap:
 garbage-first heap   total 122880K, used 30464K [0x0000000088800000, 0x0000000100000000)
  region size 1024K, 25 young (25600K), 1 survivors (1024K)
 Metaspace       used 19157K, committed 19264K, reserved 1114112K
  class space    used 2040K, committed 2112K, reserved 1048576K
GC Heap History (6 events):
Event: 4.307 GC heap before
{Heap before GC invocations=0 (full 0):
 garbage-first heap   total 122880K, used 10240K [0x0000000088800000, 0x0000000100000000)
  region size 1024K, 6 young (6144K), 0 survivors (0K)
 Metaspace       used 7826K, committed 7936K, reserved 1114112K
  class space    used 589K, committed 640K, reserved 1048576K
}
Event: 4.407 GC heap after
{Heap after GC invocations=1 (full 0):
 garbage-first heap   total 122880K, used 5722K [0x0000000088800000, 0x0000000100000000)
  region size 1024K, 1 young (1024K), 1 survivors (1024K)
 Metaspace       used 7826K, committed 7936K, reserved 1114112K
  class space    used 589K, committed 640K, reserved 1048576K
}
Event: 4.979 GC heap before
{Heap before GC invocations=1 (full 0):
 garbage-first heap   total 122880K, used 10842K [0x0000000088800000, 0x0000000100000000)
  region size 1024K, 6 young (6144K), 1 survivors (1024K)
 Metaspace       used 9791K, committed 9920K, reserved 1114112K
  class space    used 810K, committed 896K, reserved 1048576K
}
Event: 4.985 GC heap after
{Heap after GC invocations=2 (full 0):
 garbage-first heap   total 122880K, used 6231K [0x0000000088800000, 0x0000000100000000)
  region size 1024K, 1 young (1024K), 1 survivors (1024K)
 Metaspace       used 9791K, committed 9920K, reserved 1114112K
  class space    used 810K, committed 896K, reserved 1048576K
}
Event: 5.658 GC heap before
{Heap before GC invocations=2 (full 0):
 garbage-first heap   total 122880K, used 18519K [0x0000000088800000, 0x0000000100000000)
  region size 1024K, 13 young (13312K), 1 survivors (1024K)
 Metaspace       used 13483K, committed 13632K, reserved 1114112K
  class space    used 1303K, committed 1408K, reserved 1048576K
}
Event: 5.663 GC heap after
{Heap after GC invocations=3 (full 0):
 garbage-first heap   total 122880K, used 6912K [0x0000000088800000, 0x0000000100000000)
  region size 1024K, 1 young (1024K), 1 survivors (1024K)
 Metaspace       used 13483K, committed 13632K, reserved 1114112K
  class space    used 1303K, committed 1408K, reserved 1048576K
}

